Using pre-set license
Built from '2020.3/staging' branch; Version is '2020.3.3f1 (76626098c1c4) revision 7758432'; Using compiler version '192528614'; Build Type 'Release'
OS: 'Windows 10 Pro; OS build 19042.1165; Version 2009; 64bit' Language: 'zh' Physical Memory: 16294 MB
BatchMode: 1, IsHumanControllingUs: 0, StartBugReporterOnCrash: 0, Is64bit: 1, IsPro: 0

 COMMAND LINE ARGUMENTS:
C:\Program Files\Unity\Hub\Editor\2020.3.3f1\Editor\Unity.exe
-adb2
-batchMode
-noUpm
-name
AssetImportWorker0
-projectPath
D:/Projects/DeleteComponentsTest
-logFile
Logs/AssetImportWorker0.log
-srvPort
55298
Successfully changed project path to: D:/Projects/DeleteComponentsTest
D:/Projects/DeleteComponentsTest
Using Asset Import Pipeline V2.
Refreshing native plugins compatible for Editor in 17.43 ms, found 0 plugins.
Preloading 0 native plugins for Editor in 0.00 ms.
Initialize engine version: 2020.3.3f1 (76626098c1c4)
[Subsystems] Discovering subsystems at path C:/Program Files/Unity/Hub/Editor/2020.3.3f1/Editor/Data/Resources/UnitySubsystems
[Subsystems] Discovering subsystems at path D:/Projects/DeleteComponentsTest/Assets
GfxDevice: creating device client; threaded=0
Direct3D:
    Version:  Direct3D 11.0 [level 11.1]
    Renderer: NVIDIA GeForce GTX 1050 (ID=0x1c81)
    Vendor:   
    VRAM:     1977 MB
    Driver:   27.21.14.5671
Initialize mono
Mono path[0] = 'C:/Program Files/Unity/Hub/Editor/2020.3.3f1/Editor/Data/Managed'
Mono path[1] = 'C:/Program Files/Unity/Hub/Editor/2020.3.3f1/Editor/Data/MonoBleedingEdge/lib/mono/unityjit'
Mono config path = 'C:/Program Files/Unity/Hub/Editor/2020.3.3f1/Editor/Data/MonoBleedingEdge/etc'
Using monoOptions --debugger-agent=transport=dt_socket,embedding=1,server=y,suspend=n,address=127.0.0.1:56004
Begin MonoManager ReloadAssembly
Registering precompiled unity dll's ...
Register platform support module: C:/Program Files/Unity/Hub/Editor/2020.3.3f1/Editor/Data/PlaybackEngines/WindowsStandaloneSupport/UnityEditor.WindowsStandalone.Extensions.dll
Registered in 0.001309 seconds.
Native extension for WindowsStandalone target not found
Refreshing native plugins compatible for Editor in 18.01 ms, found 0 plugins.
Preloading 0 native plugins for Editor in 0.00 ms.
Invoked RoslynAnalysisRunner static constructor.
RoslynAnalysisRunner will not be running.
RoslynAnalysisRunner has terminated.
Mono: successfully reloaded assembly
- Completed reload, in  0.712 seconds
Platform modules already initialized, skipping
Registering precompiled user dll's ...
Registered in 0.000385 seconds.
Begin MonoManager ReloadAssembly
Native extension for WindowsStandalone target not found
Refreshing native plugins compatible for Editor in 0.19 ms, found 0 plugins.
Preloading 0 native plugins for Editor in 0.00 ms.
Invoked RoslynAnalysisRunner static constructor.
RoslynAnalysisRunner will not be running.
RoslynAnalysisRunner has terminated.
Mono: successfully reloaded assembly
- Completed reload, in  0.623 seconds
Platform modules already initialized, skipping
========================================================================
Worker process is ready to serve import requests
Launched and connected shader compiler UnityShaderCompiler.exe after 0.03 seconds
Refreshing native plugins compatible for Editor in 0.35 ms, found 0 plugins.
Preloading 0 native plugins for Editor in 0.00 ms.
Unloading 1115 Unused Serialized files (Serialized files now loaded: 0)
System memory in use before: 57.1 MB.
System memory in use after: 57.1 MB.

Unloading 10 unused Assets to reduce memory usage. Loaded Objects now: 1557.
Total: 1.583300 ms (FindLiveObjects: 0.154800 ms CreateObjectMapping: 0.037400 ms MarkObjects: 1.321300 ms  DeleteObjects: 0.068700 ms)

========================================================================
Received Import Request.
  path: Assets
  artifactKey: Guid(00000000000000001000000000000000) Importer(815301076,1909f56bfc062723c751e8b465ee728b)
Start importing Assets using Guid(00000000000000001000000000000000) Importer(815301076,1909f56bfc062723c751e8b465ee728b)  -> (artifact id: 'b2e0e235c0f4af3754229b664788db90') in 0.003384 seconds
  Import took 0.020306 seconds .

========================================================================
Received Import Request.
  Time since last request: 0.967176 seconds.
  path: Assets
  artifactKey: Guid(00000000000000001000000000000000) Importer(815301076,1909f56bfc062723c751e8b465ee728b)
Start importing Assets using Guid(00000000000000001000000000000000) Importer(815301076,1909f56bfc062723c751e8b465ee728b)  -> (artifact id: 'b2e0e235c0f4af3754229b664788db90') in 0.001474 seconds
  Import took 0.003874 seconds .

========================================================================
Received Prepare
Registering precompiled user dll's ...
Registered in 0.000367 seconds.
Begin MonoManager ReloadAssembly
Native extension for WindowsStandalone target not found
Refreshing native plugins compatible for Editor in 0.19 ms, found 0 plugins.
Preloading 0 native plugins for Editor in 0.00 ms.
Invoked RoslynAnalysisRunner static constructor.
RoslynAnalysisRunner will not be running.
RoslynAnalysisRunner has terminated.
Mono: successfully reloaded assembly
- Completed reload, in  0.599 seconds
Platform modules already initialized, skipping
Refreshing native plugins compatible for Editor in 0.21 ms, found 0 plugins.
Preloading 0 native plugins for Editor in 0.00 ms.
Unloading 1111 Unused Serialized files (Serialized files now loaded: 0)
System memory in use before: 57.1 MB.
System memory in use after: 57.1 MB.

Unloading 5 unused Assets to reduce memory usage. Loaded Objects now: 1561.
Total: 1.656300 ms (FindLiveObjects: 0.174500 ms CreateObjectMapping: 0.038500 ms MarkObjects: 1.397100 ms  DeleteObjects: 0.045400 ms)

========================================================================
Received Import Request.
  Time since last request: 51.029552 seconds.
  path: Assets/DelTest
  artifactKey: Guid(163a037222881454abc4b444e0f34034) Importer(815301076,1909f56bfc062723c751e8b465ee728b)
Start importing Assets/DelTest using Guid(163a037222881454abc4b444e0f34034) Importer(815301076,1909f56bfc062723c751e8b465ee728b)  -> (artifact id: 'bd1b38a61d59e445eb090ba7506456cf') in 0.002877 seconds
  Import took 0.004886 seconds .

========================================================================
Received Import Request.
  Time since last request: 0.005872 seconds.
  path: Assets/DelTest
  artifactKey: Guid(163a037222881454abc4b444e0f34034) Importer(815301076,1909f56bfc062723c751e8b465ee728b)
Start importing Assets/DelTest using Guid(163a037222881454abc4b444e0f34034) Importer(815301076,1909f56bfc062723c751e8b465ee728b)  -> (artifact id: 'bd1b38a61d59e445eb090ba7506456cf') in 0.001496 seconds
  Import took 0.002923 seconds .

========================================================================
Received Import Request.
  Time since last request: 0.326131 seconds.
  path: Assets/Editor
  artifactKey: Guid(763a9a352c7a99444804df9787d45323) Importer(815301076,1909f56bfc062723c751e8b465ee728b)
Start importing Assets/Editor using Guid(763a9a352c7a99444804df9787d45323) Importer(815301076,1909f56bfc062723c751e8b465ee728b)  -> (artifact id: '750d225f063d5dc1e95b992649def023') in 0.001384 seconds
  Import took 0.003359 seconds .

========================================================================
Received Import Request.
  Time since last request: 0.310601 seconds.
  path: Assets/Scenes
  artifactKey: Guid(fca491d2584305343af7c9d8bed9a6dc) Importer(815301076,1909f56bfc062723c751e8b465ee728b)
Start importing Assets/Scenes using Guid(fca491d2584305343af7c9d8bed9a6dc) Importer(815301076,1909f56bfc062723c751e8b465ee728b)  -> (artifact id: 'f7d30f409e4c13ccbec2f54bc2762fb5') in 0.001373 seconds
  Import took 0.002759 seconds .

========================================================================
Received Import Request.
  Time since last request: 16.109663 seconds.
  path: Assets/DelTest/Image 1.prefab
  artifactKey: Guid(2a1a57de2c8d22a4c915ac04d24c0bd2) Importer(815301076,1909f56bfc062723c751e8b465ee728b)
Start importing Assets/DelTest/Image 1.prefab using Guid(2a1a57de2c8d22a4c915ac04d24c0bd2) Importer(815301076,1909f56bfc062723c751e8b465ee728b)  -> (artifact id: '426266d2c84b4f0b11f0e6ade9a89937') in 0.031701 seconds
  Import took 0.083688 seconds .

========================================================================
Received Import Request.
  Time since last request: 0.000170 seconds.
  path: Assets/DelTest/Image.prefab
  artifactKey: Guid(2416756d84d8f6842aea0347d1d92f84) Importer(815301076,1909f56bfc062723c751e8b465ee728b)
Start importing Assets/DelTest/Image.prefab using Guid(2416756d84d8f6842aea0347d1d92f84) Importer(815301076,1909f56bfc062723c751e8b465ee728b)  -> (artifact id: '49205f1edcfe8b442fc2cfe7df697654') in 0.002344 seconds
  Import took 0.004163 seconds .

========================================================================
Received Import Request.
  Time since last request: 25.329615 seconds.
  path: Assets/Editor/EditorTest.cs
  artifactKey: Guid(7c1d115844cdaa64684d419ecaad61fa) Importer(815301076,1909f56bfc062723c751e8b465ee728b)
Start importing Assets/Editor/EditorTest.cs using Guid(7c1d115844cdaa64684d419ecaad61fa) Importer(815301076,1909f56bfc062723c751e8b465ee728b)  -> (artifact id: '63b775bec5fb39a55a6fd23875055784') in 0.004806 seconds
  Import took 0.312585 seconds .

========================================================================
Received Import Request.
  Time since last request: 388.374362 seconds.
  path: Assets/Scenes/SampleScene.unity
  artifactKey: Guid(9fc0d4010bbf28b4594072e72b8655ab) Importer(815301076,1909f56bfc062723c751e8b465ee728b)
Start importing Assets/Scenes/SampleScene.unity using Guid(9fc0d4010bbf28b4594072e72b8655ab) Importer(815301076,1909f56bfc062723c751e8b465ee728b)  -> (artifact id: 'f5c2f2c2a1bc51d97acb4e2643276eeb') in 0.001961 seconds
  Import took 0.011275 seconds .

========================================================================
Received Import Request.
  Time since last request: 121.492169 seconds.
  path: Assets/DelTest/Image.prefab
  artifactKey: Guid(2416756d84d8f6842aea0347d1d92f84) Importer(815301076,1909f56bfc062723c751e8b465ee728b)
Start importing Assets/DelTest/Image.prefab using Guid(2416756d84d8f6842aea0347d1d92f84) Importer(815301076,1909f56bfc062723c751e8b465ee728b)  -> (artifact id: 'd16a4c599ceead301ca39f5e70feb25e') in 0.002464 seconds
  Import took 0.012187 seconds .

========================================================================
Received Import Request.
  Time since last request: 8.434850 seconds.
  path: Assets/DelTest/Image.prefab
  artifactKey: Guid(2416756d84d8f6842aea0347d1d92f84) Importer(815301076,1909f56bfc062723c751e8b465ee728b)
Start importing Assets/DelTest/Image.prefab using Guid(2416756d84d8f6842aea0347d1d92f84) Importer(815301076,1909f56bfc062723c751e8b465ee728b)  -> (artifact id: '8c4bc14d10602c5a2b6fdc4e54c10b16') in 0.002233 seconds
  Import took 0.004488 seconds .

